[0m22:18:45.646099 [debug] [MainThread]: Sending event: {'category': 'dbt', 'action': 'invocation', 'label': 'start', 'context': [<snowplow_tracker.self_describing_json.SelfDescribingJson object at 0x00000261C25496A0>, <snowplow_tracker.self_describing_json.SelfDescribingJson object at 0x00000261C471FD90>, <snowplow_tracker.self_describing_json.SelfDescribingJson object at 0x00000261C471F9D0>]}


============================== 22:18:45.652890 | 2061f184-ac72-4966-ad61-5b795983899a ==============================
[0m22:18:45.652890 [info ] [MainThread]: Running with dbt=1.11.6
[0m22:18:45.654046 [debug] [MainThread]: running dbt with arguments {'static_parser': 'True', 'no_print': 'None', 'version_check': 'True', 'warn_error_options': 'WarnErrorOptionsV2(error=[], warn=[], silence=[])', 'target_path': 'None', 'printer_width': '80', 'write_json': 'True', 'empty': 'None', 'log_cache_events': 'False', 'introspect': 'True', 'cache_selected_only': 'False', 'fail_fast': 'False', 'debug': 'False', 'log_format': 'default', 'partial_parse': 'True', 'send_anonymous_usage_stats': 'True', 'quiet': 'False', 'warn_error': 'None', 'profiles_dir': 'C:\\Users\\mknee\\.dbt', 'use_colors': 'True', 'indirect_selection': 'eager', 'invocation_command': 'dbt init dbt_project', 'use_experimental_parser': 'False', 'log_path': 'logs'}
[0m22:18:45.685727 [info ] [MainThread]: Creating dbt configuration folder at C:\Users\mknee\.dbt
[0m22:18:45.689718 [debug] [MainThread]: Starter project path: C:\Users\mknee\anaconda3\Lib\site-packages\dbt\include\starter_project
[0m22:18:45.749529 [info ] [MainThread]: 
Your new dbt project "dbt_project" was created!

For more information on how to configure the profiles.yml file,
please consult the dbt documentation here:

  https://docs.getdbt.com/docs/configure-your-profile

One more thing:

Need help? Don't hesitate to reach out to us via GitHub issues or on Slack:

  https://community.getdbt.com/

Happy modeling!

[0m22:18:45.750518 [info ] [MainThread]: Setting up your profile.
[0m22:21:52.043923 [info ] [MainThread]: Profile dbt_project written to C:\Users\mknee\.dbt\profiles.yml using target's profile_template.yml and your supplied values. Run 'dbt debug' to validate the connection.
[0m22:21:52.047373 [debug] [MainThread]: Command `dbt init` succeeded at 22:21:52.045157 after 186.60 seconds
[0m22:21:52.047899 [debug] [MainThread]: Sending event: {'category': 'dbt', 'action': 'invocation', 'label': 'end', 'context': [<snowplow_tracker.self_describing_json.SelfDescribingJson object at 0x00000261C47DE650>, <snowplow_tracker.self_describing_json.SelfDescribingJson object at 0x00000261C480EB10>, <snowplow_tracker.self_describing_json.SelfDescribingJson object at 0x00000261C474E250>]}
[0m22:21:52.048276 [debug] [MainThread]: Flushing usage events
[0m22:21:52.159272 [debug] [MainThread]: An error was encountered while trying to flush usage events
